<?xml version="1.0" encoding="UTF-8"?>
<!-- Generated by org.testng.reporters.JUnitReportReporter -->
<testsuite hostname="DESKTOP-9SHLF11" failures="0" tests="1" name="com.purna.runner.RunPurnaTest" time="35.623" errors="0" timestamp="2022-12-13T20:35:04 IST" skipped="0">
  <testcase classname="com.purna.runner.RunPurnaTest" name="runScenario" time="35.623"/>
  <system-out/>
</testsuite> <!-- com.purna.runner.RunPurnaTest -->
